Started GET "/" for ::1 at 2023-02-13 19:57:47 -0600
Processing by Rails::WelcomeController#index as HTML
  Rendering /Users/mom/.rvm/rubies/ruby-3.0.0/lib/ruby/gems/3.0.0/gems/railties-7.0.4.2/lib/rails/templates/rails/welcome/index.html.erb
  Rendered /Users/mom/.rvm/rubies/ruby-3.0.0/lib/ruby/gems/3.0.0/gems/railties-7.0.4.2/lib/rails/templates/rails/welcome/index.html.erb (Duration: 17.9ms | Allocations: 839)
Completed 200 OK in 81ms (Views: 34.4ms | ActiveRecord: 0.0ms | Allocations: 7308)


Started GET "/jobs" for ::1 at 2023-02-13 19:58:13 -0600
  
ActionController::RoutingError (No route matches [GET] "/jobs"):
  
Started GET "/rails/info" for ::1 at 2023-02-13 19:59:27 -0600
Processing by Rails::InfoController#index as HTML
Redirected to http://localhost:3000/rails/info/routes
Completed 302 Found in 20ms (Allocations: 873)


Started GET "/rails/info/routes" for ::1 at 2023-02-13 19:59:27 -0600
Processing by Rails::InfoController#routes as HTML
  Rendering layout /Users/mom/.rvm/rubies/ruby-3.0.0/lib/ruby/gems/3.0.0/gems/railties-7.0.4.2/lib/rails/templates/layouts/application.html.erb
  Rendering /Users/mom/.rvm/rubies/ruby-3.0.0/lib/ruby/gems/3.0.0/gems/railties-7.0.4.2/lib/rails/templates/rails/info/routes.html.erb within layouts/application
  Rendered collection of /Users/mom/.rvm/rubies/ruby-3.0.0/lib/ruby/gems/3.0.0/gems/actionpack-7.0.4.2/lib/action_dispatch/middleware/templates/routes/_route.html.erb [38 times] (Duration: 57.7ms | Allocations: 6003)
  Rendered /Users/mom/.rvm/rubies/ruby-3.0.0/lib/ruby/gems/3.0.0/gems/actionpack-7.0.4.2/lib/action_dispatch/middleware/templates/routes/_table.html.erb (Duration: 4.6ms | Allocations: 1227)
  Rendered /Users/mom/.rvm/rubies/ruby-3.0.0/lib/ruby/gems/3.0.0/gems/railties-7.0.4.2/lib/rails/templates/rails/info/routes.html.erb within layouts/application (Duration: 104.6ms | Allocations: 10957)
  Rendered layout /Users/mom/.rvm/rubies/ruby-3.0.0/lib/ruby/gems/3.0.0/gems/railties-7.0.4.2/lib/rails/templates/layouts/application.html.erb (Duration: 112.6ms | Allocations: 11339)
Completed 200 OK in 149ms (Views: 119.7ms | Allocations: 12350)


Started GET "/jobs" for ::1 at 2023-02-13 19:59:58 -0600
  
ActionController::RoutingError (uninitialized constant JobsController):
  
Started GET "/" for ::1 at 2023-02-13 20:04:16 -0600
Processing by Rails::WelcomeController#index as HTML
  Rendering /Users/mom/.rvm/rubies/ruby-3.0.0/lib/ruby/gems/3.0.0/gems/railties-7.0.4.2/lib/rails/templates/rails/welcome/index.html.erb
  Rendered /Users/mom/.rvm/rubies/ruby-3.0.0/lib/ruby/gems/3.0.0/gems/railties-7.0.4.2/lib/rails/templates/rails/welcome/index.html.erb (Duration: 3.7ms | Allocations: 732)
Completed 200 OK in 39ms (Views: 15.3ms | ActiveRecord: 0.0ms | Allocations: 6022)


Started GET "/jobs" for ::1 at 2023-02-13 20:04:31 -0600
Processing by JobsController#index as HTML
  Rendering layout layouts/application.html.erb
  Rendering jobs/index.html.erb within layouts/application
  Rendered jobs/index.html.erb within layouts/application (Duration: 4.0ms | Allocations: 137)
  Rendered layout layouts/application.html.erb (Duration: 681.4ms | Allocations: 93769)
Completed 200 OK in 696ms (Views: 692.0ms | ActiveRecord: 0.0ms | Allocations: 94863)


Started GET "/jobs" for ::1 at 2023-02-13 20:05:07 -0600
Processing by JobsController#index as HTML
  Rendering layout layouts/application.html.erb
  Rendering jobs/index.html.erb within layouts/application
  Rendered jobs/index.html.erb within layouts/application (Duration: 4.5ms | Allocations: 115)
  Rendered layout layouts/application.html.erb (Duration: 26.4ms | Allocations: 2901)
Completed 200 OK in 34ms (Views: 33.2ms | ActiveRecord: 0.0ms | Allocations: 3901)


  [1m[35m (9.6ms)[0m  [1m[35mCREATE TABLE "schema_migrations" ("version" varchar NOT NULL PRIMARY KEY)[0m
  [1m[35m (4.1ms)[0m  [1m[35mCREATE TABLE "ar_internal_metadata" ("key" varchar NOT NULL PRIMARY KEY, "value" varchar, "created_at" datetime(6) NOT NULL, "updated_at" datetime(6) NOT NULL)[0m
  [1m[36mActiveRecord::SchemaMigration Pluck (1.0ms)[0m  [1m[34mSELECT "schema_migrations"."version" FROM "schema_migrations" ORDER BY "schema_migrations"."version" ASC[0m
Migrating to CreateJobs (20230214020529)
  [1m[36mTRANSACTION (0.2ms)[0m  [1m[36mbegin transaction[0m
  [1m[35m (0.7ms)[0m  [1m[35mCREATE TABLE "jobs" ("id" integer PRIMARY KEY AUTOINCREMENT NOT NULL, "company" text, "position" text, "location" text, "created_at" datetime(6) NOT NULL, "updated_at" datetime(6) NOT NULL)[0m
  [1m[36mActiveRecord::SchemaMigration Create (2.9ms)[0m  [1m[32mINSERT INTO "schema_migrations" ("version") VALUES (?)[0m  [["version", "20230214020529"]]
  [1m[36mTRANSACTION (1.6ms)[0m  [1m[36mcommit transaction[0m
  [1m[36mActiveRecord::InternalMetadata Load (0.2ms)[0m  [1m[34mSELECT "ar_internal_metadata".* FROM "ar_internal_metadata" WHERE "ar_internal_metadata"."key" = ? LIMIT ?[0m  [["key", "environment"], ["LIMIT", 1]]
  [1m[36mTRANSACTION (0.1ms)[0m  [1m[36mbegin transaction[0m
  [1m[36mActiveRecord::InternalMetadata Create (0.6ms)[0m  [1m[32mINSERT INTO "ar_internal_metadata" ("key", "value", "created_at", "updated_at") VALUES (?, ?, ?, ?)[0m  [["key", "environment"], ["value", "development"], ["created_at", "2023-02-14 02:08:11.255289"], ["updated_at", "2023-02-14 02:08:11.255289"]]
  [1m[36mTRANSACTION (1.2ms)[0m  [1m[36mcommit transaction[0m
  [1m[36mActiveRecord::SchemaMigration Pluck (0.1ms)[0m  [1m[34mSELECT "schema_migrations"."version" FROM "schema_migrations" ORDER BY "schema_migrations"."version" ASC[0m
Started GET "/jobs" for ::1 at 2023-02-13 20:09:26 -0600
  [1m[36mActiveRecord::SchemaMigration Pluck (0.7ms)[0m  [1m[34mSELECT "schema_migrations"."version" FROM "schema_migrations" ORDER BY "schema_migrations"."version" ASC[0m
Processing by JobsController#index as HTML
  Rendering layout layouts/application.html.erb
  Rendering jobs/index.html.erb within layouts/application
  Rendered jobs/index.html.erb within layouts/application (Duration: 4.4ms | Allocations: 370)
  Rendered layout layouts/application.html.erb (Duration: 179.9ms | Allocations: 34714)
Completed 200 OK in 228ms (Views: 188.6ms | ActiveRecord: 0.0ms | Allocations: 40160)


Started GET "/jobs" for ::1 at 2023-02-13 20:20:35 -0600
  [1m[36mActiveRecord::SchemaMigration Pluck (0.8ms)[0m  [1m[34mSELECT "schema_migrations"."version" FROM "schema_migrations" ORDER BY "schema_migrations"."version" ASC[0m
Processing by JobsController#index as HTML
  Rendering layout layouts/application.html.erb
  Rendering jobs/index.html.erb within layouts/application
  Rendered jobs/index.html.erb within layouts/application (Duration: 22.1ms | Allocations: 370)
  Rendered layout layouts/application.html.erb (Duration: 188.9ms | Allocations: 35307)
Completed 200 OK in 246ms (Views: 200.4ms | ActiveRecord: 0.0ms | Allocations: 40753)


  [1m[36mActiveRecord::SchemaMigration Pluck (1.1ms)[0m  [1m[34mSELECT "schema_migrations"."version" FROM "schema_migrations" ORDER BY "schema_migrations"."version" ASC[0m
  [1m[36mActiveRecord::InternalMetadata Pluck (2.0ms)[0m  [1m[34mSELECT "ar_internal_metadata"."value" FROM "ar_internal_metadata" WHERE "ar_internal_metadata"."key" = ? LIMIT ?[0m  [["key", "environment"], ["LIMIT", 1]]
  [1m[36mActiveRecord::SchemaMigration Pluck (0.1ms)[0m  [1m[34mSELECT "schema_migrations"."version" FROM "schema_migrations" ORDER BY "schema_migrations"."version" ASC[0m
  [1m[36mActiveRecord::InternalMetadata Pluck (0.1ms)[0m  [1m[34mSELECT "ar_internal_metadata"."value" FROM "ar_internal_metadata" WHERE "ar_internal_metadata"."key" = ? LIMIT ?[0m  [["key", "environment"], ["LIMIT", 1]]
  [1m[36mActiveRecord::SchemaMigration Pluck (0.1ms)[0m  [1m[34mSELECT "schema_migrations"."version" FROM "schema_migrations" ORDER BY "schema_migrations"."version" ASC[0m
  [1m[36mActiveRecord::InternalMetadata Pluck (0.1ms)[0m  [1m[34mSELECT "ar_internal_metadata"."value" FROM "ar_internal_metadata" WHERE "ar_internal_metadata"."key" = ? LIMIT ?[0m  [["key", "environment"], ["LIMIT", 1]]
  [1m[35m (4.8ms)[0m  [1m[35mDROP TABLE IF EXISTS "jobs"[0m
  [1m[35m (1.5ms)[0m  [1m[35mCREATE TABLE "jobs" ("id" integer PRIMARY KEY AUTOINCREMENT NOT NULL, "company" text, "position" text, "location" text, "created_at" datetime(6) NOT NULL, "updated_at" datetime(6) NOT NULL)[0m
  [1m[36mActiveRecord::SchemaMigration Pluck (0.2ms)[0m  [1m[34mSELECT "schema_migrations"."version" FROM "schema_migrations" ORDER BY "schema_migrations"."version" ASC[0m
  [1m[36mActiveRecord::InternalMetadata Load (0.2ms)[0m  [1m[34mSELECT "ar_internal_metadata".* FROM "ar_internal_metadata" WHERE "ar_internal_metadata"."key" = ? LIMIT ?[0m  [["key", "environment"], ["LIMIT", 1]]
  [1m[36mActiveRecord::InternalMetadata Load (0.1ms)[0m  [1m[34mSELECT "ar_internal_metadata".* FROM "ar_internal_metadata" WHERE "ar_internal_metadata"."key" = ? LIMIT ?[0m  [["key", "environment"], ["LIMIT", 1]]
  [1m[36mActiveRecord::InternalMetadata Load (0.1ms)[0m  [1m[34mSELECT "ar_internal_metadata".* FROM "ar_internal_metadata" WHERE "ar_internal_metadata"."key" = ? LIMIT ?[0m  [["key", "schema_sha1"], ["LIMIT", 1]]
  [1m[36mTRANSACTION (0.1ms)[0m  [1m[36mbegin transaction[0m
  [1m[36mActiveRecord::InternalMetadata Create (0.5ms)[0m  [1m[32mINSERT INTO "ar_internal_metadata" ("key", "value", "created_at", "updated_at") VALUES (?, ?, ?, ?)[0m  [["key", "schema_sha1"], ["value", "8fbebb64c728b3c80cc7f8303d89c08ab30f56e5"], ["created_at", "2023-02-14 02:21:57.680455"], ["updated_at", "2023-02-14 02:21:57.680455"]]
  [1m[36mTRANSACTION (1.1ms)[0m  [1m[36mcommit transaction[0m
  [1m[35m (0.1ms)[0m  [1m[35mDROP TABLE IF EXISTS "jobs"[0m
  [1m[35m (1.4ms)[0m  [1m[35mCREATE TABLE "jobs" ("id" integer PRIMARY KEY AUTOINCREMENT NOT NULL, "company" text, "position" text, "location" text, "created_at" datetime(6) NOT NULL, "updated_at" datetime(6) NOT NULL)[0m
  [1m[35m (1.2ms)[0m  [1m[35mCREATE TABLE "schema_migrations" ("version" varchar NOT NULL PRIMARY KEY)[0m
  [1m[36mActiveRecord::SchemaMigration Pluck (0.1ms)[0m  [1m[34mSELECT "schema_migrations"."version" FROM "schema_migrations" ORDER BY "schema_migrations"."version" ASC[0m
  [1m[35m (1.2ms)[0m  [1m[32mINSERT INTO "schema_migrations" (version) VALUES (20230214020529)[0m
  [1m[35m (1.3ms)[0m  [1m[35mCREATE TABLE "ar_internal_metadata" ("key" varchar NOT NULL PRIMARY KEY, "value" varchar, "created_at" datetime(6) NOT NULL, "updated_at" datetime(6) NOT NULL)[0m
  [1m[36mActiveRecord::InternalMetadata Load (0.2ms)[0m  [1m[34mSELECT "ar_internal_metadata".* FROM "ar_internal_metadata" WHERE "ar_internal_metadata"."key" = ? LIMIT ?[0m  [["key", "environment"], ["LIMIT", 1]]
  [1m[36mTRANSACTION (0.0ms)[0m  [1m[36mbegin transaction[0m
  [1m[36mActiveRecord::InternalMetadata Create (0.4ms)[0m  [1m[32mINSERT INTO "ar_internal_metadata" ("key", "value", "created_at", "updated_at") VALUES (?, ?, ?, ?)[0m  [["key", "environment"], ["value", "development"], ["created_at", "2023-02-14 02:21:57.700028"], ["updated_at", "2023-02-14 02:21:57.700028"]]
  [1m[36mTRANSACTION (0.9ms)[0m  [1m[36mcommit transaction[0m
  [1m[36mActiveRecord::InternalMetadata Load (0.1ms)[0m  [1m[34mSELECT "ar_internal_metadata".* FROM "ar_internal_metadata" WHERE "ar_internal_metadata"."key" = ? LIMIT ?[0m  [["key", "environment"], ["LIMIT", 1]]
  [1m[36mTRANSACTION (0.1ms)[0m  [1m[36mbegin transaction[0m
  [1m[36mActiveRecord::InternalMetadata Update (0.4ms)[0m  [1m[33mUPDATE "ar_internal_metadata" SET "value" = ?, "updated_at" = ? WHERE "ar_internal_metadata"."key" = ?[0m  [["value", "test"], ["updated_at", "2023-02-14 02:21:57.706538"], ["key", "environment"]]
  [1m[36mTRANSACTION (0.9ms)[0m  [1m[36mcommit transaction[0m
  [1m[36mActiveRecord::InternalMetadata Load (0.1ms)[0m  [1m[34mSELECT "ar_internal_metadata".* FROM "ar_internal_metadata" WHERE "ar_internal_metadata"."key" = ? LIMIT ?[0m  [["key", "schema_sha1"], ["LIMIT", 1]]
  [1m[36mTRANSACTION (0.1ms)[0m  [1m[36mbegin transaction[0m
  [1m[36mActiveRecord::InternalMetadata Create (0.4ms)[0m  [1m[32mINSERT INTO "ar_internal_metadata" ("key", "value", "created_at", "updated_at") VALUES (?, ?, ?, ?)[0m  [["key", "schema_sha1"], ["value", "8fbebb64c728b3c80cc7f8303d89c08ab30f56e5"], ["created_at", "2023-02-14 02:21:57.712460"], ["updated_at", "2023-02-14 02:21:57.712460"]]
  [1m[36mTRANSACTION (0.9ms)[0m  [1m[36mcommit transaction[0m
  [1m[36mActiveRecord::SchemaMigration Pluck (0.1ms)[0m  [1m[34mSELECT "schema_migrations"."version" FROM "schema_migrations" ORDER BY "schema_migrations"."version" ASC[0m
  [1m[36mActiveRecord::SchemaMigration Pluck (0.2ms)[0m  [1m[34mSELECT "schema_migrations"."version" FROM "schema_migrations" ORDER BY "schema_migrations"."version" ASC[0m
  [1m[36mActiveRecord::InternalMetadata Pluck (0.2ms)[0m  [1m[34mSELECT "ar_internal_metadata"."value" FROM "ar_internal_metadata" WHERE "ar_internal_metadata"."key" = ? LIMIT ?[0m  [["key", "environment"], ["LIMIT", 1]]
  [1m[36mActiveRecord::SchemaMigration Pluck (0.1ms)[0m  [1m[34mSELECT "schema_migrations"."version" FROM "schema_migrations" ORDER BY "schema_migrations"."version" ASC[0m
  [1m[36mActiveRecord::InternalMetadata Pluck (0.1ms)[0m  [1m[34mSELECT "ar_internal_metadata"."value" FROM "ar_internal_metadata" WHERE "ar_internal_metadata"."key" = ? LIMIT ?[0m  [["key", "environment"], ["LIMIT", 1]]
  [1m[36mActiveRecord::SchemaMigration Pluck (0.1ms)[0m  [1m[34mSELECT "schema_migrations"."version" FROM "schema_migrations" ORDER BY "schema_migrations"."version" ASC[0m
  [1m[36mActiveRecord::InternalMetadata Pluck (0.1ms)[0m  [1m[34mSELECT "ar_internal_metadata"."value" FROM "ar_internal_metadata" WHERE "ar_internal_metadata"."key" = ? LIMIT ?[0m  [["key", "environment"], ["LIMIT", 1]]
  [1m[35m (2.4ms)[0m  [1m[35mDROP TABLE IF EXISTS "jobs"[0m
  [1m[35m (1.5ms)[0m  [1m[35mCREATE TABLE "jobs" ("id" integer PRIMARY KEY AUTOINCREMENT NOT NULL, "company" text, "position" text, "location" text, "created_at" datetime(6) NOT NULL, "updated_at" datetime(6) NOT NULL)[0m
  [1m[36mActiveRecord::SchemaMigration Pluck (0.1ms)[0m  [1m[34mSELECT "schema_migrations"."version" FROM "schema_migrations" ORDER BY "schema_migrations"."version" ASC[0m
  [1m[36mActiveRecord::InternalMetadata Load (0.1ms)[0m  [1m[34mSELECT "ar_internal_metadata".* FROM "ar_internal_metadata" WHERE "ar_internal_metadata"."key" = ? LIMIT ?[0m  [["key", "environment"], ["LIMIT", 1]]
  [1m[36mActiveRecord::InternalMetadata Load (0.1ms)[0m  [1m[34mSELECT "ar_internal_metadata".* FROM "ar_internal_metadata" WHERE "ar_internal_metadata"."key" = ? LIMIT ?[0m  [["key", "environment"], ["LIMIT", 1]]
  [1m[36mActiveRecord::InternalMetadata Load (0.1ms)[0m  [1m[34mSELECT "ar_internal_metadata".* FROM "ar_internal_metadata" WHERE "ar_internal_metadata"."key" = ? LIMIT ?[0m  [["key", "schema_sha1"], ["LIMIT", 1]]
  [1m[35m (1.2ms)[0m  [1m[35mDROP TABLE IF EXISTS "jobs"[0m
  [1m[35m (1.2ms)[0m  [1m[35mCREATE TABLE "jobs" ("id" integer PRIMARY KEY AUTOINCREMENT NOT NULL, "company" text, "position" text, "location" text, "created_at" datetime(6) NOT NULL, "updated_at" datetime(6) NOT NULL)[0m
  [1m[36mActiveRecord::SchemaMigration Pluck (0.1ms)[0m  [1m[34mSELECT "schema_migrations"."version" FROM "schema_migrations" ORDER BY "schema_migrations"."version" ASC[0m
  [1m[36mActiveRecord::InternalMetadata Load (0.1ms)[0m  [1m[34mSELECT "ar_internal_metadata".* FROM "ar_internal_metadata" WHERE "ar_internal_metadata"."key" = ? LIMIT ?[0m  [["key", "environment"], ["LIMIT", 1]]
  [1m[36mTRANSACTION (0.0ms)[0m  [1m[36mbegin transaction[0m
  [1m[36mActiveRecord::InternalMetadata Update (0.3ms)[0m  [1m[33mUPDATE "ar_internal_metadata" SET "value" = ?, "updated_at" = ? WHERE "ar_internal_metadata"."key" = ?[0m  [["value", "development"], ["updated_at", "2023-02-14 02:22:38.823130"], ["key", "environment"]]
  [1m[36mTRANSACTION (0.8ms)[0m  [1m[36mcommit transaction[0m
  [1m[36mActiveRecord::InternalMetadata Load (0.1ms)[0m  [1m[34mSELECT "ar_internal_metadata".* FROM "ar_internal_metadata" WHERE "ar_internal_metadata"."key" = ? LIMIT ?[0m  [["key", "environment"], ["LIMIT", 1]]
  [1m[36mTRANSACTION (0.0ms)[0m  [1m[36mbegin transaction[0m
  [1m[36mActiveRecord::InternalMetadata Update (0.4ms)[0m  [1m[33mUPDATE "ar_internal_metadata" SET "value" = ?, "updated_at" = ? WHERE "ar_internal_metadata"."key" = ?[0m  [["value", "test"], ["updated_at", "2023-02-14 02:22:38.829026"], ["key", "environment"]]
  [1m[36mTRANSACTION (1.1ms)[0m  [1m[36mcommit transaction[0m
  [1m[36mActiveRecord::InternalMetadata Load (0.1ms)[0m  [1m[34mSELECT "ar_internal_metadata".* FROM "ar_internal_metadata" WHERE "ar_internal_metadata"."key" = ? LIMIT ?[0m  [["key", "schema_sha1"], ["LIMIT", 1]]
  [1m[36mActiveRecord::SchemaMigration Pluck (0.1ms)[0m  [1m[34mSELECT "schema_migrations"."version" FROM "schema_migrations" ORDER BY "schema_migrations"."version" ASC[0m
  [1m[36mActiveRecord::SchemaMigration Pluck (1.4ms)[0m  [1m[34mSELECT "schema_migrations"."version" FROM "schema_migrations" ORDER BY "schema_migrations"."version" ASC[0m
  [1m[36mActiveRecord::SchemaMigration Pluck (0.8ms)[0m  [1m[34mSELECT "schema_migrations"."version" FROM "schema_migrations" ORDER BY "schema_migrations"."version" ASC[0m
  [1m[36mActiveRecord::InternalMetadata Pluck (2.5ms)[0m  [1m[34mSELECT "ar_internal_metadata"."value" FROM "ar_internal_metadata" WHERE "ar_internal_metadata"."key" = ? LIMIT ?[0m  [["key", "environment"], ["LIMIT", 1]]
  [1m[36mActiveRecord::SchemaMigration Pluck (0.1ms)[0m  [1m[34mSELECT "schema_migrations"."version" FROM "schema_migrations" ORDER BY "schema_migrations"."version" ASC[0m
  [1m[36mActiveRecord::InternalMetadata Pluck (0.1ms)[0m  [1m[34mSELECT "ar_internal_metadata"."value" FROM "ar_internal_metadata" WHERE "ar_internal_metadata"."key" = ? LIMIT ?[0m  [["key", "environment"], ["LIMIT", 1]]
  [1m[36mActiveRecord::SchemaMigration Pluck (0.1ms)[0m  [1m[34mSELECT "schema_migrations"."version" FROM "schema_migrations" ORDER BY "schema_migrations"."version" ASC[0m
  [1m[36mActiveRecord::InternalMetadata Pluck (0.1ms)[0m  [1m[34mSELECT "ar_internal_metadata"."value" FROM "ar_internal_metadata" WHERE "ar_internal_metadata"."key" = ? LIMIT ?[0m  [["key", "environment"], ["LIMIT", 1]]
  [1m[35m (5.7ms)[0m  [1m[35mDROP TABLE IF EXISTS "jobs"[0m
  [1m[35m (2.0ms)[0m  [1m[35mCREATE TABLE "jobs" ("id" integer PRIMARY KEY AUTOINCREMENT NOT NULL, "company" text, "position" text, "location" text, "created_at" datetime(6) NOT NULL, "updated_at" datetime(6) NOT NULL)[0m
  [1m[36mActiveRecord::SchemaMigration Pluck (0.1ms)[0m  [1m[34mSELECT "schema_migrations"."version" FROM "schema_migrations" ORDER BY "schema_migrations"."version" ASC[0m
  [1m[36mActiveRecord::InternalMetadata Load (0.2ms)[0m  [1m[34mSELECT "ar_internal_metadata".* FROM "ar_internal_metadata" WHERE "ar_internal_metadata"."key" = ? LIMIT ?[0m  [["key", "environment"], ["LIMIT", 1]]
  [1m[36mActiveRecord::InternalMetadata Load (0.1ms)[0m  [1m[34mSELECT "ar_internal_metadata".* FROM "ar_internal_metadata" WHERE "ar_internal_metadata"."key" = ? LIMIT ?[0m  [["key", "environment"], ["LIMIT", 1]]
  [1m[36mActiveRecord::InternalMetadata Load (0.1ms)[0m  [1m[34mSELECT "ar_internal_metadata".* FROM "ar_internal_metadata" WHERE "ar_internal_metadata"."key" = ? LIMIT ?[0m  [["key", "schema_sha1"], ["LIMIT", 1]]
  [1m[35m (3.0ms)[0m  [1m[35mDROP TABLE IF EXISTS "jobs"[0m
  [1m[35m (2.0ms)[0m  [1m[35mCREATE TABLE "jobs" ("id" integer PRIMARY KEY AUTOINCREMENT NOT NULL, "company" text, "position" text, "location" text, "created_at" datetime(6) NOT NULL, "updated_at" datetime(6) NOT NULL)[0m
  [1m[36mActiveRecord::SchemaMigration Pluck (0.8ms)[0m  [1m[34mSELECT "schema_migrations"."version" FROM "schema_migrations" ORDER BY "schema_migrations"."version" ASC[0m
  [1m[36mActiveRecord::InternalMetadata Load (1.3ms)[0m  [1m[34mSELECT "ar_internal_metadata".* FROM "ar_internal_metadata" WHERE "ar_internal_metadata"."key" = ? LIMIT ?[0m  [["key", "environment"], ["LIMIT", 1]]
  [1m[36mTRANSACTION (0.1ms)[0m  [1m[36mbegin transaction[0m
  [1m[36mActiveRecord::InternalMetadata Update (0.4ms)[0m  [1m[33mUPDATE "ar_internal_metadata" SET "value" = ?, "updated_at" = ? WHERE "ar_internal_metadata"."key" = ?[0m  [["value", "development"], ["updated_at", "2023-02-14 02:24:50.870462"], ["key", "environment"]]
  [1m[36mTRANSACTION (1.0ms)[0m  [1m[36mcommit transaction[0m
  [1m[36mActiveRecord::InternalMetadata Load (0.1ms)[0m  [1m[34mSELECT "ar_internal_metadata".* FROM "ar_internal_metadata" WHERE "ar_internal_metadata"."key" = ? LIMIT ?[0m  [["key", "environment"], ["LIMIT", 1]]
  [1m[36mTRANSACTION (0.0ms)[0m  [1m[36mbegin transaction[0m
  [1m[36mActiveRecord::InternalMetadata Update (0.4ms)[0m  [1m[33mUPDATE "ar_internal_metadata" SET "value" = ?, "updated_at" = ? WHERE "ar_internal_metadata"."key" = ?[0m  [["value", "test"], ["updated_at", "2023-02-14 02:24:50.876926"], ["key", "environment"]]
  [1m[36mTRANSACTION (1.0ms)[0m  [1m[36mcommit transaction[0m
  [1m[36mActiveRecord::InternalMetadata Load (0.1ms)[0m  [1m[34mSELECT "ar_internal_metadata".* FROM "ar_internal_metadata" WHERE "ar_internal_metadata"."key" = ? LIMIT ?[0m  [["key", "schema_sha1"], ["LIMIT", 1]]
  [1m[36mActiveRecord::SchemaMigration Pluck (0.1ms)[0m  [1m[34mSELECT "schema_migrations"."version" FROM "schema_migrations" ORDER BY "schema_migrations"."version" ASC[0m
  [1m[36mActiveRecord::SchemaMigration Pluck (1.0ms)[0m  [1m[34mSELECT "schema_migrations"."version" FROM "schema_migrations" ORDER BY "schema_migrations"."version" ASC[0m
  [1m[36mActiveRecord::InternalMetadata Pluck (1.6ms)[0m  [1m[34mSELECT "ar_internal_metadata"."value" FROM "ar_internal_metadata" WHERE "ar_internal_metadata"."key" = ? LIMIT ?[0m  [["key", "environment"], ["LIMIT", 1]]
  [1m[36mActiveRecord::SchemaMigration Pluck (0.1ms)[0m  [1m[34mSELECT "schema_migrations"."version" FROM "schema_migrations" ORDER BY "schema_migrations"."version" ASC[0m
  [1m[36mActiveRecord::InternalMetadata Pluck (0.1ms)[0m  [1m[34mSELECT "ar_internal_metadata"."value" FROM "ar_internal_metadata" WHERE "ar_internal_metadata"."key" = ? LIMIT ?[0m  [["key", "environment"], ["LIMIT", 1]]
  [1m[36mActiveRecord::SchemaMigration Pluck (0.1ms)[0m  [1m[34mSELECT "schema_migrations"."version" FROM "schema_migrations" ORDER BY "schema_migrations"."version" ASC[0m
  [1m[36mActiveRecord::InternalMetadata Pluck (0.1ms)[0m  [1m[34mSELECT "ar_internal_metadata"."value" FROM "ar_internal_metadata" WHERE "ar_internal_metadata"."key" = ? LIMIT ?[0m  [["key", "environment"], ["LIMIT", 1]]
  [1m[35m (5.7ms)[0m  [1m[35mDROP TABLE IF EXISTS "jobs"[0m
  [1m[35m (3.2ms)[0m  [1m[35mCREATE TABLE "jobs" ("id" integer PRIMARY KEY AUTOINCREMENT NOT NULL, "company" text, "position" text, "location" text, "created_at" datetime(6) NOT NULL, "updated_at" datetime(6) NOT NULL)[0m
  [1m[36mActiveRecord::SchemaMigration Pluck (0.1ms)[0m  [1m[34mSELECT "schema_migrations"."version" FROM "schema_migrations" ORDER BY "schema_migrations"."version" ASC[0m
  [1m[36mActiveRecord::InternalMetadata Load (0.2ms)[0m  [1m[34mSELECT "ar_internal_metadata".* FROM "ar_internal_metadata" WHERE "ar_internal_metadata"."key" = ? LIMIT ?[0m  [["key", "environment"], ["LIMIT", 1]]
  [1m[36mActiveRecord::InternalMetadata Load (0.1ms)[0m  [1m[34mSELECT "ar_internal_metadata".* FROM "ar_internal_metadata" WHERE "ar_internal_metadata"."key" = ? LIMIT ?[0m  [["key", "environment"], ["LIMIT", 1]]
  [1m[36mActiveRecord::InternalMetadata Load (0.1ms)[0m  [1m[34mSELECT "ar_internal_metadata".* FROM "ar_internal_metadata" WHERE "ar_internal_metadata"."key" = ? LIMIT ?[0m  [["key", "schema_sha1"], ["LIMIT", 1]]
  [1m[35m (3.8ms)[0m  [1m[35mDROP TABLE IF EXISTS "jobs"[0m
  [1m[35m (2.1ms)[0m  [1m[35mCREATE TABLE "jobs" ("id" integer PRIMARY KEY AUTOINCREMENT NOT NULL, "company" text, "position" text, "location" text, "created_at" datetime(6) NOT NULL, "updated_at" datetime(6) NOT NULL)[0m
  [1m[36mActiveRecord::SchemaMigration Pluck (0.7ms)[0m  [1m[34mSELECT "schema_migrations"."version" FROM "schema_migrations" ORDER BY "schema_migrations"."version" ASC[0m
  [1m[36mActiveRecord::InternalMetadata Load (2.2ms)[0m  [1m[34mSELECT "ar_internal_metadata".* FROM "ar_internal_metadata" WHERE "ar_internal_metadata"."key" = ? LIMIT ?[0m  [["key", "environment"], ["LIMIT", 1]]
  [1m[36mTRANSACTION (0.1ms)[0m  [1m[36mbegin transaction[0m
  [1m[36mActiveRecord::InternalMetadata Update (0.5ms)[0m  [1m[33mUPDATE "ar_internal_metadata" SET "value" = ?, "updated_at" = ? WHERE "ar_internal_metadata"."key" = ?[0m  [["value", "development"], ["updated_at", "2023-02-14 02:26:35.495680"], ["key", "environment"]]
  [1m[36mTRANSACTION (1.1ms)[0m  [1m[36mcommit transaction[0m
  [1m[36mActiveRecord::InternalMetadata Load (0.1ms)[0m  [1m[34mSELECT "ar_internal_metadata".* FROM "ar_internal_metadata" WHERE "ar_internal_metadata"."key" = ? LIMIT ?[0m  [["key", "environment"], ["LIMIT", 1]]
  [1m[36mTRANSACTION (0.1ms)[0m  [1m[36mbegin transaction[0m
  [1m[36mActiveRecord::InternalMetadata Update (0.4ms)[0m  [1m[33mUPDATE "ar_internal_metadata" SET "value" = ?, "updated_at" = ? WHERE "ar_internal_metadata"."key" = ?[0m  [["value", "test"], ["updated_at", "2023-02-14 02:26:35.503555"], ["key", "environment"]]
  [1m[36mTRANSACTION (1.0ms)[0m  [1m[36mcommit transaction[0m
  [1m[36mActiveRecord::InternalMetadata Load (0.2ms)[0m  [1m[34mSELECT "ar_internal_metadata".* FROM "ar_internal_metadata" WHERE "ar_internal_metadata"."key" = ? LIMIT ?[0m  [["key", "schema_sha1"], ["LIMIT", 1]]
  [1m[36mActiveRecord::SchemaMigration Pluck (0.1ms)[0m  [1m[34mSELECT "schema_migrations"."version" FROM "schema_migrations" ORDER BY "schema_migrations"."version" ASC[0m
  [1m[36mActiveRecord::SchemaMigration Pluck (0.2ms)[0m  [1m[34mSELECT "schema_migrations"."version" FROM "schema_migrations" ORDER BY "schema_migrations"."version" ASC[0m
  [1m[36mActiveRecord::InternalMetadata Pluck (0.3ms)[0m  [1m[34mSELECT "ar_internal_metadata"."value" FROM "ar_internal_metadata" WHERE "ar_internal_metadata"."key" = ? LIMIT ?[0m  [["key", "environment"], ["LIMIT", 1]]
  [1m[36mActiveRecord::SchemaMigration Pluck (0.1ms)[0m  [1m[34mSELECT "schema_migrations"."version" FROM "schema_migrations" ORDER BY "schema_migrations"."version" ASC[0m
  [1m[36mActiveRecord::InternalMetadata Pluck (0.2ms)[0m  [1m[34mSELECT "ar_internal_metadata"."value" FROM "ar_internal_metadata" WHERE "ar_internal_metadata"."key" = ? LIMIT ?[0m  [["key", "environment"], ["LIMIT", 1]]
  [1m[36mActiveRecord::SchemaMigration Pluck (0.1ms)[0m  [1m[34mSELECT "schema_migrations"."version" FROM "schema_migrations" ORDER BY "schema_migrations"."version" ASC[0m
  [1m[36mActiveRecord::InternalMetadata Pluck (0.1ms)[0m  [1m[34mSELECT "ar_internal_metadata"."value" FROM "ar_internal_metadata" WHERE "ar_internal_metadata"."key" = ? LIMIT ?[0m  [["key", "environment"], ["LIMIT", 1]]
  [1m[35m (2.5ms)[0m  [1m[35mDROP TABLE IF EXISTS "jobs"[0m
  [1m[35m (1.6ms)[0m  [1m[35mCREATE TABLE "jobs" ("id" integer PRIMARY KEY AUTOINCREMENT NOT NULL, "company" text, "position" text, "location" text, "created_at" datetime(6) NOT NULL, "updated_at" datetime(6) NOT NULL)[0m
  [1m[36mActiveRecord::SchemaMigration Pluck (0.1ms)[0m  [1m[34mSELECT "schema_migrations"."version" FROM "schema_migrations" ORDER BY "schema_migrations"."version" ASC[0m
  [1m[36mActiveRecord::InternalMetadata Load (0.1ms)[0m  [1m[34mSELECT "ar_internal_metadata".* FROM "ar_internal_metadata" WHERE "ar_internal_metadata"."key" = ? LIMIT ?[0m  [["key", "environment"], ["LIMIT", 1]]
  [1m[36mActiveRecord::InternalMetadata Load (0.1ms)[0m  [1m[34mSELECT "ar_internal_metadata".* FROM "ar_internal_metadata" WHERE "ar_internal_metadata"."key" = ? LIMIT ?[0m  [["key", "environment"], ["LIMIT", 1]]
  [1m[36mActiveRecord::InternalMetadata Load (0.1ms)[0m  [1m[34mSELECT "ar_internal_metadata".* FROM "ar_internal_metadata" WHERE "ar_internal_metadata"."key" = ? LIMIT ?[0m  [["key", "schema_sha1"], ["LIMIT", 1]]
  [1m[35m (1.3ms)[0m  [1m[35mDROP TABLE IF EXISTS "jobs"[0m
  [1m[35m (1.4ms)[0m  [1m[35mCREATE TABLE "jobs" ("id" integer PRIMARY KEY AUTOINCREMENT NOT NULL, "company" text, "position" text, "location" text, "created_at" datetime(6) NOT NULL, "updated_at" datetime(6) NOT NULL)[0m
  [1m[36mActiveRecord::SchemaMigration Pluck (0.1ms)[0m  [1m[34mSELECT "schema_migrations"."version" FROM "schema_migrations" ORDER BY "schema_migrations"."version" ASC[0m
  [1m[36mActiveRecord::InternalMetadata Load (0.1ms)[0m  [1m[34mSELECT "ar_internal_metadata".* FROM "ar_internal_metadata" WHERE "ar_internal_metadata"."key" = ? LIMIT ?[0m  [["key", "environment"], ["LIMIT", 1]]
  [1m[36mTRANSACTION (0.0ms)[0m  [1m[36mbegin transaction[0m
  [1m[36mActiveRecord::InternalMetadata Update (0.4ms)[0m  [1m[33mUPDATE "ar_internal_metadata" SET "value" = ?, "updated_at" = ? WHERE "ar_internal_metadata"."key" = ?[0m  [["value", "development"], ["updated_at", "2023-02-14 02:27:02.176336"], ["key", "environment"]]
  [1m[36mTRANSACTION (1.0ms)[0m  [1m[36mcommit transaction[0m
  [1m[36mActiveRecord::InternalMetadata Load (0.1ms)[0m  [1m[34mSELECT "ar_internal_metadata".* FROM "ar_internal_metadata" WHERE "ar_internal_metadata"."key" = ? LIMIT ?[0m  [["key", "environment"], ["LIMIT", 1]]
  [1m[36mTRANSACTION (0.0ms)[0m  [1m[36mbegin transaction[0m
  [1m[36mActiveRecord::InternalMetadata Update (0.3ms)[0m  [1m[33mUPDATE "ar_internal_metadata" SET "value" = ?, "updated_at" = ? WHERE "ar_internal_metadata"."key" = ?[0m  [["value", "test"], ["updated_at", "2023-02-14 02:27:02.182794"], ["key", "environment"]]
  [1m[36mTRANSACTION (1.0ms)[0m  [1m[36mcommit transaction[0m
  [1m[36mActiveRecord::InternalMetadata Load (0.1ms)[0m  [1m[34mSELECT "ar_internal_metadata".* FROM "ar_internal_metadata" WHERE "ar_internal_metadata"."key" = ? LIMIT ?[0m  [["key", "schema_sha1"], ["LIMIT", 1]]
  [1m[36mActiveRecord::SchemaMigration Pluck (0.1ms)[0m  [1m[34mSELECT "schema_migrations"."version" FROM "schema_migrations" ORDER BY "schema_migrations"."version" ASC[0m
Started GET "/jobs" for ::1 at 2023-02-13 22:03:14 -0600
  [1m[36mActiveRecord::SchemaMigration Pluck (0.7ms)[0m  [1m[34mSELECT "schema_migrations"."version" FROM "schema_migrations" ORDER BY "schema_migrations"."version" ASC[0m
Processing by JobsController#index as HTML
Completed 500 Internal Server Error in 18ms (ActiveRecord: 0.0ms | Allocations: 5754)


  
NameError (undefined local variable or method `job' for #<JobsController:0x0000000000af28>):
  
app/controllers/jobs_controller.rb:3:in `index'
Started GET "/jobs" for ::1 at 2023-02-13 22:04:11 -0600
Processing by JobsController#index as HTML
  Rendering layout layouts/application.html.erb
  Rendering jobs/index.html.erb within layouts/application
  [1m[36mJob Load (1.1ms)[0m  [1m[34mSELECT "jobs".* FROM "jobs"[0m
  ↳ app/views/jobs/index.html.erb:4
  Rendered jobs/index.html.erb within layouts/application (Duration: 6.8ms | Allocations: 941)
  Rendered layout layouts/application.html.erb (Duration: 116.9ms | Allocations: 35217)
Completed 200 OK in 131ms (Views: 124.1ms | ActiveRecord: 1.4ms | Allocations: 36920)


Started GET "/jobs" for ::1 at 2023-02-13 22:05:05 -0600
Processing by JobsController#index as HTML
  Rendering layout layouts/application.html.erb
  Rendering jobs/index.html.erb within layouts/application
  [1m[36mJob Load (0.2ms)[0m  [1m[34mSELECT "jobs".* FROM "jobs"[0m
  ↳ app/views/jobs/index.html.erb:4
  Rendered jobs/index.html.erb within layouts/application (Duration: 4.7ms | Allocations: 821)
  Rendered layout layouts/application.html.erb (Duration: 13.9ms | Allocations: 3590)
Completed 200 OK in 18ms (Views: 16.6ms | ActiveRecord: 0.2ms | Allocations: 4609)


Started GET "/jobs/new" for ::1 at 2023-02-13 22:05:07 -0600
  
AbstractController::ActionNotFound (The action 'new' could not be found for JobsController):
  
actionpack (7.0.4.2) lib/abstract_controller/base.rb:146:in `process'
actionview (7.0.4.2) lib/action_view/rendering.rb:39:in `process'
actionpack (7.0.4.2) lib/action_controller/metal.rb:188:in `dispatch'
actionpack (7.0.4.2) lib/action_controller/metal.rb:251:in `dispatch'
actionpack (7.0.4.2) lib/action_dispatch/routing/route_set.rb:49:in `dispatch'
actionpack (7.0.4.2) lib/action_dispatch/routing/route_set.rb:32:in `serve'
actionpack (7.0.4.2) lib/action_dispatch/journey/router.rb:50:in `block in serve'
actionpack (7.0.4.2) lib/action_dispatch/journey/router.rb:32:in `each'
actionpack (7.0.4.2) lib/action_dispatch/journey/router.rb:32:in `serve'
actionpack (7.0.4.2) lib/action_dispatch/routing/route_set.rb:852:in `call'
rack (2.2.6.2) lib/rack/tempfile_reaper.rb:15:in `call'
rack (2.2.6.2) lib/rack/etag.rb:27:in `call'
rack (2.2.6.2) lib/rack/conditional_get.rb:27:in `call'
rack (2.2.6.2) lib/rack/head.rb:12:in `call'
actionpack (7.0.4.2) lib/action_dispatch/http/permissions_policy.rb:38:in `call'
actionpack (7.0.4.2) lib/action_dispatch/http/content_security_policy.rb:36:in `call'
rack (2.2.6.2) lib/rack/session/abstract/id.rb:266:in `context'
rack (2.2.6.2) lib/rack/session/abstract/id.rb:260:in `call'
actionpack (7.0.4.2) lib/action_dispatch/middleware/cookies.rb:704:in `call'
activerecord (7.0.4.2) lib/active_record/migration.rb:603:in `call'
actionpack (7.0.4.2) lib/action_dispatch/middleware/callbacks.rb:27:in `block in call'
activesupport (7.0.4.2) lib/active_support/callbacks.rb:99:in `run_callbacks'
actionpack (7.0.4.2) lib/action_dispatch/middleware/callbacks.rb:26:in `call'
actionpack (7.0.4.2) lib/action_dispatch/middleware/executor.rb:14:in `call'
actionpack (7.0.4.2) lib/action_dispatch/middleware/actionable_exceptions.rb:17:in `call'
actionpack (7.0.4.2) lib/action_dispatch/middleware/debug_exceptions.rb:28:in `call'
web-console (4.2.0) lib/web_console/middleware.rb:132:in `call_app'
web-console (4.2.0) lib/web_console/middleware.rb:28:in `block in call'
web-console (4.2.0) lib/web_console/middleware.rb:17:in `catch'
web-console (4.2.0) lib/web_console/middleware.rb:17:in `call'
actionpack (7.0.4.2) lib/action_dispatch/middleware/show_exceptions.rb:26:in `call'
railties (7.0.4.2) lib/rails/rack/logger.rb:40:in `call_app'
railties (7.0.4.2) lib/rails/rack/logger.rb:25:in `block in call'
activesupport (7.0.4.2) lib/active_support/tagged_logging.rb:99:in `block in tagged'
activesupport (7.0.4.2) lib/active_support/tagged_logging.rb:37:in `tagged'
activesupport (7.0.4.2) lib/active_support/tagged_logging.rb:99:in `tagged'
railties (7.0.4.2) lib/rails/rack/logger.rb:25:in `call'
sprockets-rails (3.4.2) lib/sprockets/rails/quiet_assets.rb:13:in `call'
actionpack (7.0.4.2) lib/action_dispatch/middleware/remote_ip.rb:93:in `call'
actionpack (7.0.4.2) lib/action_dispatch/middleware/request_id.rb:26:in `call'
rack (2.2.6.2) lib/rack/method_override.rb:24:in `call'
rack (2.2.6.2) lib/rack/runtime.rb:22:in `call'
activesupport (7.0.4.2) lib/active_support/cache/strategy/local_cache_middleware.rb:29:in `call'
actionpack (7.0.4.2) lib/action_dispatch/middleware/server_timing.rb:61:in `block in call'
actionpack (7.0.4.2) lib/action_dispatch/middleware/server_timing.rb:26:in `collect_events'
actionpack (7.0.4.2) lib/action_dispatch/middleware/server_timing.rb:60:in `call'
actionpack (7.0.4.2) lib/action_dispatch/middleware/executor.rb:14:in `call'
actionpack (7.0.4.2) lib/action_dispatch/middleware/static.rb:23:in `call'
rack (2.2.6.2) lib/rack/sendfile.rb:110:in `call'
actionpack (7.0.4.2) lib/action_dispatch/middleware/host_authorization.rb:137:in `call'
railties (7.0.4.2) lib/rails/engine.rb:530:in `call'
puma (5.6.5) lib/puma/configuration.rb:252:in `call'
puma (5.6.5) lib/puma/request.rb:77:in `block in handle_request'
puma (5.6.5) lib/puma/thread_pool.rb:340:in `with_force_shutdown'
puma (5.6.5) lib/puma/request.rb:76:in `handle_request'
puma (5.6.5) lib/puma/server.rb:443:in `process_client'
puma (5.6.5) lib/puma/thread_pool.rb:147:in `block in spawn_thread'
Started GET "/jobs" for ::1 at 2023-02-13 22:05:10 -0600
Processing by JobsController#index as HTML
  Rendering layout layouts/application.html.erb
  Rendering jobs/index.html.erb within layouts/application
  [1m[36mJob Load (0.1ms)[0m  [1m[34mSELECT "jobs".* FROM "jobs"[0m
  ↳ app/views/jobs/index.html.erb:4
  Rendered jobs/index.html.erb within layouts/application (Duration: 1.2ms | Allocations: 535)
  Rendered layout layouts/application.html.erb (Duration: 9.3ms | Allocations: 3012)
Completed 200 OK in 11ms (Views: 9.9ms | ActiveRecord: 0.1ms | Allocations: 3336)


Started GET "/jobs" for ::1 at 2023-02-13 22:07:47 -0600
Processing by JobsController#index as HTML
  Rendering layout layouts/application.html.erb
  Rendering jobs/index.html.erb within layouts/application
  [1m[36mJob Load (0.4ms)[0m  [1m[34mSELECT "jobs".* FROM "jobs"[0m
  ↳ app/views/jobs/index.html.erb:4
  Rendered jobs/index.html.erb within layouts/application (Duration: 4.2ms | Allocations: 777)
  Rendered layout layouts/application.html.erb (Duration: 14.3ms | Allocations: 3543)
Completed 200 OK in 20ms (Views: 18.4ms | ActiveRecord: 0.4ms | Allocations: 4550)


Started GET "/jobs" for ::1 at 2023-02-13 22:10:43 -0600
Processing by JobsController#index as HTML
  Rendering layout layouts/application.html.erb
  Rendering jobs/index.html.erb within layouts/application
  [1m[36mJob Load (0.4ms)[0m  [1m[34mSELECT "jobs".* FROM "jobs"[0m
  ↳ app/views/jobs/index.html.erb:4
  Rendered jobs/index.html.erb within layouts/application (Duration: 4.5ms | Allocations: 782)
  Rendered layout layouts/application.html.erb (Duration: 14.6ms | Allocations: 3539)
Completed 200 OK in 21ms (Views: 17.2ms | ActiveRecord: 0.4ms | Allocations: 4557)


Started GET "/job" for ::1 at 2023-02-13 22:10:57 -0600
  
ActionController::RoutingError (No route matches [GET] "/job"):
  
Started GET "/" for ::1 at 2023-02-13 22:11:07 -0600
Processing by Rails::WelcomeController#index as HTML
  Rendering /Users/mom/.rvm/rubies/ruby-3.0.0/lib/ruby/gems/3.0.0/gems/railties-7.0.4.2/lib/rails/templates/rails/welcome/index.html.erb
  Rendered /Users/mom/.rvm/rubies/ruby-3.0.0/lib/ruby/gems/3.0.0/gems/railties-7.0.4.2/lib/rails/templates/rails/welcome/index.html.erb (Duration: 5.2ms | Allocations: 459)
Completed 200 OK in 13ms (Views: 10.1ms | ActiveRecord: 0.0ms | Allocations: 1311)


Started GET "/jobs" for ::1 at 2023-02-13 22:11:16 -0600
Processing by JobsController#index as HTML
  Rendering layout layouts/application.html.erb
  Rendering jobs/index.html.erb within layouts/application
  [1m[36mJob Load (0.2ms)[0m  [1m[34mSELECT "jobs".* FROM "jobs"[0m
  ↳ app/views/jobs/index.html.erb:4
  Rendered jobs/index.html.erb within layouts/application (Duration: 6.1ms | Allocations: 775)
  Rendered layout layouts/application.html.erb (Duration: 13.6ms | Allocations: 3545)
Completed 200 OK in 20ms (Views: 18.2ms | ActiveRecord: 0.2ms | Allocations: 4554)


  [1m[36mActiveRecord::SchemaMigration Pluck (1.0ms)[0m  [1m[34mSELECT "schema_migrations"."version" FROM "schema_migrations" ORDER BY "schema_migrations"."version" ASC[0m
  [1m[36mActiveRecord::SchemaMigration Pluck (1.4ms)[0m  [1m[34mSELECT "schema_migrations"."version" FROM "schema_migrations" ORDER BY "schema_migrations"."version" ASC[0m
  [1m[36mJob Load (0.7ms)[0m  [1m[34mSELECT "jobs".* FROM "jobs"[0m
  [1m[36mActiveRecord::SchemaMigration Pluck (0.2ms)[0m  [1m[34mSELECT "schema_migrations"."version" FROM "schema_migrations" ORDER BY "schema_migrations"."version" ASC[0m
  [1m[36mActiveRecord::SchemaMigration Pluck (0.2ms)[0m  [1m[34mSELECT "schema_migrations"."version" FROM "schema_migrations" ORDER BY "schema_migrations"."version" ASC[0m
  [1m[36mActiveRecord::SchemaMigration Pluck (0.1ms)[0m  [1m[34mSELECT "schema_migrations"."version" FROM "schema_migrations" ORDER BY "schema_migrations"."version" ASC[0m
  [1m[36mActiveRecord::SchemaMigration Pluck (0.2ms)[0m  [1m[34mSELECT "schema_migrations"."version" FROM "schema_migrations" ORDER BY "schema_migrations"."version" ASC[0m
  [1m[36mActiveRecord::SchemaMigration Pluck (0.2ms)[0m  [1m[34mSELECT "schema_migrations"."version" FROM "schema_migrations" ORDER BY "schema_migrations"."version" ASC[0m
  [1m[36mJob Pluck (0.1ms)[0m  [1m[34mSELECT "jobs"."company" FROM "jobs"[0m
  [1m[36mActiveRecord::SchemaMigration Pluck (1.3ms)[0m  [1m[34mSELECT "schema_migrations"."version" FROM "schema_migrations" ORDER BY "schema_migrations"."version" ASC[0m
  [1m[36mTRANSACTION (0.1ms)[0m  [1m[36mbegin transaction[0m
  [1m[36mJob Create (3.6ms)[0m  [1m[32mINSERT INTO "jobs" ("company", "position", "location", "created_at", "updated_at") VALUES (?, ?, ?, ?, ?)[0m  [["company", "Stark Enterprises"], ["position", "Ruby Developer"], ["location", "St. Louis, MO"], ["created_at", "2023-02-14 04:28:21.493183"], ["updated_at", "2023-02-14 04:28:21.493183"]]
  [1m[36mTRANSACTION (1.3ms)[0m  [1m[36mcommit transaction[0m
  [1m[36mTRANSACTION (0.1ms)[0m  [1m[36mbegin transaction[0m
  [1m[36mJob Create (0.9ms)[0m  [1m[32mINSERT INTO "jobs" ("company", "position", "location", "created_at", "updated_at") VALUES (?, ?, ?, ?, ?)[0m  [["company", "WayneEnterprises"], ["position", "Ruby on Rails Engineer"], ["location", "Kansas City, MO"], ["created_at", "2023-02-14 04:28:21.502827"], ["updated_at", "2023-02-14 04:28:21.502827"]]
  [1m[36mTRANSACTION (1.4ms)[0m  [1m[36mcommit transaction[0m
  [1m[36mTRANSACTION (0.1ms)[0m  [1m[36mbegin transaction[0m
  [1m[36mJob Create (0.5ms)[0m  [1m[32mINSERT INTO "jobs" ("company", "position", "location", "created_at", "updated_at") VALUES (?, ?, ?, ?, ?)[0m  [["company", "OsCorp"], ["position", "Full Stack Ruby Developer"], ["location", "Springfield, MO"], ["created_at", "2023-02-14 04:28:21.508898"], ["updated_at", "2023-02-14 04:28:21.508898"]]
  [1m[36mTRANSACTION (0.9ms)[0m  [1m[36mcommit transaction[0m
  [1m[36mTRANSACTION (0.1ms)[0m  [1m[36mbegin transaction[0m
  [1m[36mJob Create (0.5ms)[0m  [1m[32mINSERT INTO "jobs" ("company", "position", "location", "created_at", "updated_at") VALUES (?, ?, ?, ?, ?)[0m  [["company", "Hydra"], ["position", "Ruby Engineer"], ["location", "Columbia, MO"], ["created_at", "2023-02-14 04:28:21.514040"], ["updated_at", "2023-02-14 04:28:21.514040"]]
  [1m[36mTRANSACTION (1.4ms)[0m  [1m[36mcommit transaction[0m
  [1m[36mTRANSACTION (0.1ms)[0m  [1m[36mbegin transaction[0m
  [1m[36mJob Create (0.5ms)[0m  [1m[32mINSERT INTO "jobs" ("company", "position", "location", "created_at", "updated_at") VALUES (?, ?, ?, ?, ?)[0m  [["company", "S.H.I.E.L.D."], ["position", "Ruby on Rails Developer"], ["location", "St. Joseph, MO"], ["created_at", "2023-02-14 04:28:21.519527"], ["updated_at", "2023-02-14 04:28:21.519527"]]
  [1m[36mTRANSACTION (1.0ms)[0m  [1m[36mcommit transaction[0m
  [1m[36mJob Pluck (0.1ms)[0m  [1m[34mSELECT "jobs"."company" FROM "jobs"[0m
Started GET "/jobs" for ::1 at 2023-02-13 22:29:29 -0600
  [1m[36mActiveRecord::SchemaMigration Pluck (0.2ms)[0m  [1m[34mSELECT "schema_migrations"."version" FROM "schema_migrations" ORDER BY "schema_migrations"."version" ASC[0m
Processing by JobsController#index as HTML
  Rendering layout layouts/application.html.erb
  Rendering jobs/index.html.erb within layouts/application
  [1m[36mJob Load (0.2ms)[0m  [1m[34mSELECT "jobs".* FROM "jobs"[0m
  ↳ app/views/jobs/index.html.erb:4
  Rendered jobs/_job.html.erb (Duration: 2.3ms | Allocations: 275)
  Rendered jobs/_job.html.erb (Duration: 0.1ms | Allocations: 20)
  Rendered jobs/_job.html.erb (Duration: 0.1ms | Allocations: 21)
  Rendered jobs/_job.html.erb (Duration: 0.1ms | Allocations: 20)
  Rendered jobs/_job.html.erb (Duration: 0.1ms | Allocations: 20)
  Rendered jobs/index.html.erb within layouts/application (Duration: 37.6ms | Allocations: 18831)
  Rendered layout layouts/application.html.erb (Duration: 131.9ms | Allocations: 53602)
Completed 200 OK in 167ms (Views: 139.2ms | ActiveRecord: 1.0ms | Allocations: 59647)


Started GET "/jobs/1" for ::1 at 2023-02-13 22:29:35 -0600
  
AbstractController::ActionNotFound (The action 'show' could not be found for JobsController):
  
actionpack (7.0.4.2) lib/abstract_controller/base.rb:146:in `process'
actionview (7.0.4.2) lib/action_view/rendering.rb:39:in `process'
actionpack (7.0.4.2) lib/action_controller/metal.rb:188:in `dispatch'
actionpack (7.0.4.2) lib/action_controller/metal.rb:251:in `dispatch'
actionpack (7.0.4.2) lib/action_dispatch/routing/route_set.rb:49:in `dispatch'
actionpack (7.0.4.2) lib/action_dispatch/routing/route_set.rb:32:in `serve'
actionpack (7.0.4.2) lib/action_dispatch/journey/router.rb:50:in `block in serve'
actionpack (7.0.4.2) lib/action_dispatch/journey/router.rb:32:in `each'
actionpack (7.0.4.2) lib/action_dispatch/journey/router.rb:32:in `serve'
actionpack (7.0.4.2) lib/action_dispatch/routing/route_set.rb:852:in `call'
rack (2.2.6.2) lib/rack/tempfile_reaper.rb:15:in `call'
rack (2.2.6.2) lib/rack/etag.rb:27:in `call'
rack (2.2.6.2) lib/rack/conditional_get.rb:27:in `call'
rack (2.2.6.2) lib/rack/head.rb:12:in `call'
actionpack (7.0.4.2) lib/action_dispatch/http/permissions_policy.rb:38:in `call'
actionpack (7.0.4.2) lib/action_dispatch/http/content_security_policy.rb:36:in `call'
rack (2.2.6.2) lib/rack/session/abstract/id.rb:266:in `context'
rack (2.2.6.2) lib/rack/session/abstract/id.rb:260:in `call'
actionpack (7.0.4.2) lib/action_dispatch/middleware/cookies.rb:704:in `call'
activerecord (7.0.4.2) lib/active_record/migration.rb:603:in `call'
actionpack (7.0.4.2) lib/action_dispatch/middleware/callbacks.rb:27:in `block in call'
activesupport (7.0.4.2) lib/active_support/callbacks.rb:99:in `run_callbacks'
actionpack (7.0.4.2) lib/action_dispatch/middleware/callbacks.rb:26:in `call'
actionpack (7.0.4.2) lib/action_dispatch/middleware/executor.rb:14:in `call'
actionpack (7.0.4.2) lib/action_dispatch/middleware/actionable_exceptions.rb:17:in `call'
actionpack (7.0.4.2) lib/action_dispatch/middleware/debug_exceptions.rb:28:in `call'
web-console (4.2.0) lib/web_console/middleware.rb:132:in `call_app'
web-console (4.2.0) lib/web_console/middleware.rb:28:in `block in call'
web-console (4.2.0) lib/web_console/middleware.rb:17:in `catch'
web-console (4.2.0) lib/web_console/middleware.rb:17:in `call'
actionpack (7.0.4.2) lib/action_dispatch/middleware/show_exceptions.rb:26:in `call'
railties (7.0.4.2) lib/rails/rack/logger.rb:40:in `call_app'
railties (7.0.4.2) lib/rails/rack/logger.rb:25:in `block in call'
activesupport (7.0.4.2) lib/active_support/tagged_logging.rb:99:in `block in tagged'
activesupport (7.0.4.2) lib/active_support/tagged_logging.rb:37:in `tagged'
activesupport (7.0.4.2) lib/active_support/tagged_logging.rb:99:in `tagged'
railties (7.0.4.2) lib/rails/rack/logger.rb:25:in `call'
sprockets-rails (3.4.2) lib/sprockets/rails/quiet_assets.rb:13:in `call'
actionpack (7.0.4.2) lib/action_dispatch/middleware/remote_ip.rb:93:in `call'
actionpack (7.0.4.2) lib/action_dispatch/middleware/request_id.rb:26:in `call'
rack (2.2.6.2) lib/rack/method_override.rb:24:in `call'
rack (2.2.6.2) lib/rack/runtime.rb:22:in `call'
activesupport (7.0.4.2) lib/active_support/cache/strategy/local_cache_middleware.rb:29:in `call'
actionpack (7.0.4.2) lib/action_dispatch/middleware/server_timing.rb:61:in `block in call'
actionpack (7.0.4.2) lib/action_dispatch/middleware/server_timing.rb:26:in `collect_events'
actionpack (7.0.4.2) lib/action_dispatch/middleware/server_timing.rb:60:in `call'
actionpack (7.0.4.2) lib/action_dispatch/middleware/executor.rb:14:in `call'
actionpack (7.0.4.2) lib/action_dispatch/middleware/static.rb:23:in `call'
rack (2.2.6.2) lib/rack/sendfile.rb:110:in `call'
actionpack (7.0.4.2) lib/action_dispatch/middleware/host_authorization.rb:137:in `call'
railties (7.0.4.2) lib/rails/engine.rb:530:in `call'
puma (5.6.5) lib/puma/configuration.rb:252:in `call'
puma (5.6.5) lib/puma/request.rb:77:in `block in handle_request'
puma (5.6.5) lib/puma/thread_pool.rb:340:in `with_force_shutdown'
puma (5.6.5) lib/puma/request.rb:76:in `handle_request'
puma (5.6.5) lib/puma/server.rb:443:in `process_client'
puma (5.6.5) lib/puma/thread_pool.rb:147:in `block in spawn_thread'
Started GET "/jobs" for ::1 at 2023-02-13 22:29:36 -0600
Processing by JobsController#index as HTML
  Rendering layout layouts/application.html.erb
  Rendering jobs/index.html.erb within layouts/application
  [1m[36mJob Load (0.2ms)[0m  [1m[34mSELECT "jobs".* FROM "jobs"[0m
  ↳ app/views/jobs/index.html.erb:4
  Rendered jobs/_job.html.erb (Duration: 0.1ms | Allocations: 21)
  Rendered jobs/_job.html.erb (Duration: 0.1ms | Allocations: 20)
  Rendered jobs/_job.html.erb (Duration: 0.1ms | Allocations: 21)
  Rendered jobs/_job.html.erb (Duration: 0.1ms | Allocations: 20)
  Rendered jobs/_job.html.erb (Duration: 0.1ms | Allocations: 20)
  Rendered jobs/index.html.erb within layouts/application (Duration: 5.4ms | Allocations: 1208)
  Rendered layout layouts/application.html.erb (Duration: 10.7ms | Allocations: 3686)
Completed 200 OK in 12ms (Views: 11.2ms | ActiveRecord: 0.2ms | Allocations: 4019)


